  Scanning sources for module dependencies...
  dllmain.cpp
C:\Program Files (x86)\Microsoft DirectX SDK (June 2010)\Include\dxgitype.h(12,9): warning C4005: 'DXGI_STATUS_OCCLUDED': macro redefinition
  (compiling source file 'dllmain.cpp')
      C:\Program Files (x86)\Windows Kits\10\Include\10.0.26100.0\shared\winerror.h(59020,9):
      see previous definition of 'DXGI_STATUS_OCCLUDED'
  
C:\Program Files (x86)\Microsoft DirectX SDK (June 2010)\Include\dxgitype.h(13,9): warning C4005: 'DXGI_STATUS_CLIPPED': macro redefinition
  (compiling source file 'dllmain.cpp')
      C:\Program Files (x86)\Windows Kits\10\Include\10.0.26100.0\shared\winerror.h(59029,9):
      see previous definition of 'DXGI_STATUS_CLIPPED'
  
C:\Program Files (x86)\Microsoft DirectX SDK (June 2010)\Include\dxgitype.h(14,9): warning C4005: 'DXGI_STATUS_NO_REDIRECTION': macro redefinition
  (compiling source file 'dllmain.cpp')
      C:\Program Files (x86)\Windows Kits\10\Include\10.0.26100.0\shared\winerror.h(59038,9):
      see previous definition of 'DXGI_STATUS_NO_REDIRECTION'
  
C:\Program Files (x86)\Microsoft DirectX SDK (June 2010)\Include\dxgitype.h(15,9): warning C4005: 'DXGI_STATUS_NO_DESKTOP_ACCESS': macro redefinition
  (compiling source file 'dllmain.cpp')
      C:\Program Files (x86)\Windows Kits\10\Include\10.0.26100.0\shared\winerror.h(59047,9):
      see previous definition of 'DXGI_STATUS_NO_DESKTOP_ACCESS'
  
C:\Program Files (x86)\Microsoft DirectX SDK (June 2010)\Include\dxgitype.h(16,9): warning C4005: 'DXGI_STATUS_GRAPHICS_VIDPN_SOURCE_IN_USE': macro redefinition
  (compiling source file 'dllmain.cpp')
      C:\Program Files (x86)\Windows Kits\10\Include\10.0.26100.0\shared\winerror.h(59056,9):
      see previous definition of 'DXGI_STATUS_GRAPHICS_VIDPN_SOURCE_IN_USE'
  
C:\Program Files (x86)\Microsoft DirectX SDK (June 2010)\Include\dxgitype.h(17,9): warning C4005: 'DXGI_STATUS_MODE_CHANGED': macro redefinition
  (compiling source file 'dllmain.cpp')
      C:\Program Files (x86)\Windows Kits\10\Include\10.0.26100.0\shared\winerror.h(59065,9):
      see previous definition of 'DXGI_STATUS_MODE_CHANGED'
  
C:\Program Files (x86)\Microsoft DirectX SDK (June 2010)\Include\dxgitype.h(18,9): warning C4005: 'DXGI_STATUS_MODE_CHANGE_IN_PROGRESS': macro redefinition
  (compiling source file 'dllmain.cpp')
      C:\Program Files (x86)\Windows Kits\10\Include\10.0.26100.0\shared\winerror.h(59074,9):
      see previous definition of 'DXGI_STATUS_MODE_CHANGE_IN_PROGRESS'
  
C:\Program Files (x86)\Microsoft DirectX SDK (June 2010)\Include\dxgitype.h(21,9): warning C4005: 'DXGI_ERROR_INVALID_CALL': macro redefinition
  (compiling source file 'dllmain.cpp')
      C:\Program Files (x86)\Windows Kits\10\Include\10.0.26100.0\shared\winerror.h(59089,9):
      see previous definition of 'DXGI_ERROR_INVALID_CALL'
  
C:\Program Files (x86)\Microsoft DirectX SDK (June 2010)\Include\dxgitype.h(22,9): warning C4005: 'DXGI_ERROR_NOT_FOUND': macro redefinition
  (compiling source file 'dllmain.cpp')
      C:\Program Files (x86)\Windows Kits\10\Include\10.0.26100.0\shared\winerror.h(59098,9):
      see previous definition of 'DXGI_ERROR_NOT_FOUND'
  
C:\Program Files (x86)\Microsoft DirectX SDK (June 2010)\Include\dxgitype.h(23,9): warning C4005: 'DXGI_ERROR_MORE_DATA': macro redefinition
  (compiling source file 'dllmain.cpp')
      C:\Program Files (x86)\Windows Kits\10\Include\10.0.26100.0\shared\winerror.h(59107,9):
      see previous definition of 'DXGI_ERROR_MORE_DATA'
  
C:\Program Files (x86)\Microsoft DirectX SDK (June 2010)\Include\dxgitype.h(24,9): warning C4005: 'DXGI_ERROR_UNSUPPORTED': macro redefinition
  (compiling source file 'dllmain.cpp')
      C:\Program Files (x86)\Windows Kits\10\Include\10.0.26100.0\shared\winerror.h(59116,9):
      see previous definition of 'DXGI_ERROR_UNSUPPORTED'
  
C:\Program Files (x86)\Microsoft DirectX SDK (June 2010)\Include\dxgitype.h(25,9): warning C4005: 'DXGI_ERROR_DEVICE_REMOVED': macro redefinition
  (compiling source file 'dllmain.cpp')
      C:\Program Files (x86)\Windows Kits\10\Include\10.0.26100.0\shared\winerror.h(59125,9):
      see previous definition of 'DXGI_ERROR_DEVICE_REMOVED'
  
C:\Program Files (x86)\Microsoft DirectX SDK (June 2010)\Include\dxgitype.h(26,9): warning C4005: 'DXGI_ERROR_DEVICE_HUNG': macro redefinition
  (compiling source file 'dllmain.cpp')
      C:\Program Files (x86)\Windows Kits\10\Include\10.0.26100.0\shared\winerror.h(59134,9):
      see previous definition of 'DXGI_ERROR_DEVICE_HUNG'
  
C:\Program Files (x86)\Microsoft DirectX SDK (June 2010)\Include\dxgitype.h(27,9): warning C4005: 'DXGI_ERROR_DEVICE_RESET': macro redefinition
  (compiling source file 'dllmain.cpp')
      C:\Program Files (x86)\Windows Kits\10\Include\10.0.26100.0\shared\winerror.h(59144,9):
      see previous definition of 'DXGI_ERROR_DEVICE_RESET'
  
C:\Program Files (x86)\Microsoft DirectX SDK (June 2010)\Include\dxgitype.h(28,9): warning C4005: 'DXGI_ERROR_WAS_STILL_DRAWING': macro redefinition
  (compiling source file 'dllmain.cpp')
      C:\Program Files (x86)\Windows Kits\10\Include\10.0.26100.0\shared\winerror.h(59153,9):
      see previous definition of 'DXGI_ERROR_WAS_STILL_DRAWING'
  
C:\Program Files (x86)\Microsoft DirectX SDK (June 2010)\Include\dxgitype.h(29,9): warning C4005: 'DXGI_ERROR_FRAME_STATISTICS_DISJOINT': macro redefinition
  (compiling source file 'dllmain.cpp')
      C:\Program Files (x86)\Windows Kits\10\Include\10.0.26100.0\shared\winerror.h(59163,9):
      see previous definition of 'DXGI_ERROR_FRAME_STATISTICS_DISJOINT'
  
C:\Program Files (x86)\Microsoft DirectX SDK (June 2010)\Include\dxgitype.h(30,9): warning C4005: 'DXGI_ERROR_GRAPHICS_VIDPN_SOURCE_IN_USE': macro redefinition
  (compiling source file 'dllmain.cpp')
      C:\Program Files (x86)\Windows Kits\10\Include\10.0.26100.0\shared\winerror.h(59172,9):
      see previous definition of 'DXGI_ERROR_GRAPHICS_VIDPN_SOURCE_IN_USE'
  
C:\Program Files (x86)\Microsoft DirectX SDK (June 2010)\Include\dxgitype.h(31,9): warning C4005: 'DXGI_ERROR_DRIVER_INTERNAL_ERROR': macro redefinition
  (compiling source file 'dllmain.cpp')
      C:\Program Files (x86)\Windows Kits\10\Include\10.0.26100.0\shared\winerror.h(59182,9):
      see previous definition of 'DXGI_ERROR_DRIVER_INTERNAL_ERROR'
  
C:\Program Files (x86)\Microsoft DirectX SDK (June 2010)\Include\dxgitype.h(32,9): warning C4005: 'DXGI_ERROR_NONEXCLUSIVE': macro redefinition
  (compiling source file 'dllmain.cpp')
      C:\Program Files (x86)\Windows Kits\10\Include\10.0.26100.0\shared\winerror.h(59191,9):
      see previous definition of 'DXGI_ERROR_NONEXCLUSIVE'
  
C:\Program Files (x86)\Microsoft DirectX SDK (June 2010)\Include\dxgitype.h(33,9): warning C4005: 'DXGI_ERROR_NOT_CURRENTLY_AVAILABLE': macro redefinition
  (compiling source file 'dllmain.cpp')
      C:\Program Files (x86)\Windows Kits\10\Include\10.0.26100.0\shared\winerror.h(59200,9):
      see previous definition of 'DXGI_ERROR_NOT_CURRENTLY_AVAILABLE'
  
C:\Program Files (x86)\Microsoft DirectX SDK (June 2010)\Include\dxgitype.h(34,9): warning C4005: 'DXGI_ERROR_REMOTE_CLIENT_DISCONNECTED': macro redefinition
  (compiling source file 'dllmain.cpp')
      C:\Program Files (x86)\Windows Kits\10\Include\10.0.26100.0\shared\winerror.h(59210,9):
      see previous definition of 'DXGI_ERROR_REMOTE_CLIENT_DISCONNECTED'
  
C:\Program Files (x86)\Microsoft DirectX SDK (June 2010)\Include\dxgitype.h(35,9): warning C4005: 'DXGI_ERROR_REMOTE_OUTOFMEMORY': macro redefinition
  (compiling source file 'dllmain.cpp')
      C:\Program Files (x86)\Windows Kits\10\Include\10.0.26100.0\shared\winerror.h(59219,9):
      see previous definition of 'DXGI_ERROR_REMOTE_OUTOFMEMORY'
  
C:\Program Files (x86)\Microsoft DirectX SDK (June 2010)\Include\d3d11.h(917,9): warning C4005: 'D3D11_ERROR_TOO_MANY_UNIQUE_STATE_OBJECTS': macro redefinition
  (compiling source file 'dllmain.cpp')
      C:\Program Files (x86)\Windows Kits\10\Include\10.0.26100.0\shared\winerror.h(59534,9):
      see previous definition of 'D3D11_ERROR_TOO_MANY_UNIQUE_STATE_OBJECTS'
  
C:\Program Files (x86)\Microsoft DirectX SDK (June 2010)\Include\d3d11.h(918,9): warning C4005: 'D3D11_ERROR_FILE_NOT_FOUND': macro redefinition
  (compiling source file 'dllmain.cpp')
      C:\Program Files (x86)\Windows Kits\10\Include\10.0.26100.0\shared\winerror.h(59543,9):
      see previous definition of 'D3D11_ERROR_FILE_NOT_FOUND'
  
C:\Program Files (x86)\Microsoft DirectX SDK (June 2010)\Include\d3d11.h(919,9): warning C4005: 'D3D11_ERROR_TOO_MANY_UNIQUE_VIEW_OBJECTS': macro redefinition
  (compiling source file 'dllmain.cpp')
      C:\Program Files (x86)\Windows Kits\10\Include\10.0.26100.0\shared\winerror.h(59553,9):
      see previous definition of 'D3D11_ERROR_TOO_MANY_UNIQUE_VIEW_OBJECTS'
  
C:\Program Files (x86)\Microsoft DirectX SDK (June 2010)\Include\d3d11.h(920,9): warning C4005: 'D3D11_ERROR_DEFERRED_CONTEXT_MAP_WITHOUT_INITIAL_DISCARD': macro redefinition
  (compiling source file 'dllmain.cpp')
      C:\Program Files (x86)\Windows Kits\10\Include\10.0.26100.0\shared\winerror.h(59562,9):
      see previous definition of 'D3D11_ERROR_DEFERRED_CONTEXT_MAP_WITHOUT_INITIAL_DISCARD'
  
C:\Program Files (x86)\Microsoft DirectX SDK (June 2010)\Include\d3d10.h(608,9): warning C4005: 'D3D10_ERROR_TOO_MANY_UNIQUE_STATE_OBJECTS': macro redefinition
  (compiling source file 'dllmain.cpp')
      C:\Program Files (x86)\Windows Kits\10\Include\10.0.26100.0\shared\winerror.h(59510,9):
      see previous definition of 'D3D10_ERROR_TOO_MANY_UNIQUE_STATE_OBJECTS'
  
C:\Program Files (x86)\Microsoft DirectX SDK (June 2010)\Include\d3d10.h(609,9): warning C4005: 'D3D10_ERROR_FILE_NOT_FOUND': macro redefinition
  (compiling source file 'dllmain.cpp')
      C:\Program Files (x86)\Windows Kits\10\Include\10.0.26100.0\shared\winerror.h(59519,9):
      see previous definition of 'D3D10_ERROR_FILE_NOT_FOUND'
  
D:\Dev\RE\unrealengine-kiocode-base\unrealengine-kiocode-base\src\sdk\abyssus\SDK\Basic.hpp(894,2): warning C4369: 'SDK::EObjectFlags':  enumerator value '2147483648' cannot be represented as 'int', value is '2147483648'
  (compiling source file 'dllmain.cpp')
  
D:\Dev\RE\unrealengine-kiocode-base\unrealengine-kiocode-base\src\sdk\abyssus\SDK\Engine_structs.hpp(3931,2): warning C4309: 'initializing': truncation of constant value
  (compiling source file 'dllmain.cpp')
  
D:\Dev\RE\unrealengine-kiocode-base\unrealengine-kiocode-base\src\sdk\abyssus\SDK\Engine_structs.hpp(3931,2): warning C4369: 'SDK::ESoundWaveLoadingBehavior':  enumerator value '256' cannot be represented as 'unsigned char', value is '256'
  (compiling source file 'dllmain.cpp')
  
D:\Dev\RE\unrealengine-kiocode-base\unrealengine-kiocode-base\src\sdk\abyssus\SDK\Engine_structs.hpp(6258,2): warning C4309: 'initializing': truncation of constant value
  (compiling source file 'dllmain.cpp')
  
D:\Dev\RE\unrealengine-kiocode-base\unrealengine-kiocode-base\src\sdk\abyssus\SDK\Engine_structs.hpp(6258,2): warning C4369: 'SDK::ESkinCacheUsage':  enumerator value '256' cannot be represented as 'unsigned char', value is '256'
  (compiling source file 'dllmain.cpp')
  
D:\Dev\RE\unrealengine-kiocode-base\unrealengine-kiocode-base\src\sdk\abyssus\SDK\Engine_structs.hpp(6504,2): warning C4309: 'initializing': truncation of constant value
  (compiling source file 'dllmain.cpp')
  
D:\Dev\RE\unrealengine-kiocode-base\unrealengine-kiocode-base\src\sdk\abyssus\SDK\Engine_structs.hpp(6504,2): warning C4369: 'SDK::ETextureEncodeSpeedOverride':  enumerator value '256' cannot be represented as 'unsigned char', value is '256'
  (compiling source file 'dllmain.cpp')
  
D:\Dev\RE\unrealengine-kiocode-base\unrealengine-kiocode-base\src\sdk\abyssus\SDK\Engine_structs.hpp(6749,2): warning C4309: 'initializing': truncation of constant value
  (compiling source file 'dllmain.cpp')
  
D:\Dev\RE\unrealengine-kiocode-base\unrealengine-kiocode-base\src\sdk\abyssus\SDK\Engine_structs.hpp(6749,2): warning C4369: 'SDK::EStreamingSourcePriority':  enumerator value '256' cannot be represented as 'unsigned char', value is '256'
  (compiling source file 'dllmain.cpp')
  
D:\Dev\RE\unrealengine-kiocode-base\unrealengine-kiocode-base\src\sdk\abyssus\SDK\RGame_structs.hpp(627,2): warning C4309: 'initializing': truncation of constant value
  (compiling source file 'dllmain.cpp')
  
D:\Dev\RE\unrealengine-kiocode-base\unrealengine-kiocode-base\src\sdk\abyssus\SDK\RGame_structs.hpp(627,2): warning C4369: 'SDK::EDamageSource':  enumerator value '256' cannot be represented as 'unsigned char', value is '256'
  (compiling source file 'dllmain.cpp')
  
D:\Dev\RE\unrealengine-kiocode-base\unrealengine-kiocode-base\src\sdk\abyssus\SDK\RGame_structs.hpp(628,2): warning C4309: 'initializing': truncation of constant value
  (compiling source file 'dllmain.cpp')
  
D:\Dev\RE\unrealengine-kiocode-base\unrealengine-kiocode-base\src\sdk\abyssus\SDK\RGame_structs.hpp(628,2): warning C4369: 'SDK::EDamageSource':  enumerator value '512' cannot be represented as 'unsigned char', value is '512'
  (compiling source file 'dllmain.cpp')
  
D:\Dev\RE\unrealengine-kiocode-base\unrealengine-kiocode-base\src\sdk\abyssus\SDK\RGame_structs.hpp(629,2): warning C4309: 'initializing': truncation of constant value
  (compiling source file 'dllmain.cpp')
  
D:\Dev\RE\unrealengine-kiocode-base\unrealengine-kiocode-base\src\sdk\abyssus\SDK\RGame_structs.hpp(629,2): warning C4369: 'SDK::EDamageSource':  enumerator value '1024' cannot be represented as 'unsigned char', value is '1024'
  (compiling source file 'dllmain.cpp')
  
D:\Dev\RE\unrealengine-kiocode-base\unrealengine-kiocode-base\src\sdk\abyssus\SDK\RGame_structs.hpp(630,2): warning C4309: 'initializing': truncation of constant value
  (compiling source file 'dllmain.cpp')
  
D:\Dev\RE\unrealengine-kiocode-base\unrealengine-kiocode-base\src\sdk\abyssus\SDK\RGame_structs.hpp(630,2): warning C4369: 'SDK::EDamageSource':  enumerator value '2048' cannot be represented as 'unsigned char', value is '2048'
  (compiling source file 'dllmain.cpp')
  
D:\Dev\RE\unrealengine-kiocode-base\unrealengine-kiocode-base\src\sdk\abyssus\SDK\RGame_structs.hpp(631,2): warning C4309: 'initializing': truncation of constant value
  (compiling source file 'dllmain.cpp')
  
D:\Dev\RE\unrealengine-kiocode-base\unrealengine-kiocode-base\src\sdk\abyssus\SDK\RGame_structs.hpp(631,2): warning C4369: 'SDK::EDamageSource':  enumerator value '4096' cannot be represented as 'unsigned char', value is '4096'
  (compiling source file 'dllmain.cpp')
  
D:\Dev\RE\unrealengine-kiocode-base\unrealengine-kiocode-base\src\sdk\abyssus\SDK\RGame_structs.hpp(632,2): warning C4309: 'initializing': truncation of constant value
  (compiling source file 'dllmain.cpp')
  
D:\Dev\RE\unrealengine-kiocode-base\unrealengine-kiocode-base\src\sdk\abyssus\SDK\RGame_structs.hpp(632,2): warning C4369: 'SDK::EDamageSource':  enumerator value '8192' cannot be represented as 'unsigned char', value is '8192'
  (compiling source file 'dllmain.cpp')
  
D:\Dev\RE\unrealengine-kiocode-base\unrealengine-kiocode-base\src\sdk\abyssus\SDK\RGame_structs.hpp(633,2): warning C4309: 'initializing': truncation of constant value
  (compiling source file 'dllmain.cpp')
  
D:\Dev\RE\unrealengine-kiocode-base\unrealengine-kiocode-base\src\sdk\abyssus\SDK\RGame_structs.hpp(633,2): warning C4369: 'SDK::EDamageSource':  enumerator value '16384' cannot be represented as 'unsigned char', value is '16384'
  (compiling source file 'dllmain.cpp')
  
D:\Dev\RE\unrealengine-kiocode-base\unrealengine-kiocode-base\src\sdk\abyssus\SDK\RGame_structs.hpp(634,2): warning C4309: 'initializing': truncation of constant value
  (compiling source file 'dllmain.cpp')
  
D:\Dev\RE\unrealengine-kiocode-base\unrealengine-kiocode-base\src\sdk\abyssus\SDK\RGame_structs.hpp(634,2): warning C4369: 'SDK::EDamageSource':  enumerator value '32768' cannot be represented as 'unsigned char', value is '32768'
  (compiling source file 'dllmain.cpp')
  
D:\Dev\RE\unrealengine-kiocode-base\unrealengine-kiocode-base\src\sdk\abyssus\SDK\RGame_structs.hpp(635,2): warning C4309: 'initializing': truncation of constant value
  (compiling source file 'dllmain.cpp')
  
D:\Dev\RE\unrealengine-kiocode-base\unrealengine-kiocode-base\src\sdk\abyssus\SDK\RGame_structs.hpp(635,2): warning C4369: 'SDK::EDamageSource':  enumerator value '65536' cannot be represented as 'unsigned char', value is '65536'
  (compiling source file 'dllmain.cpp')
  
D:\Dev\RE\unrealengine-kiocode-base\unrealengine-kiocode-base\src\sdk\abyssus\SDK\RGame_structs.hpp(636,2): warning C4309: 'initializing': truncation of constant value
  (compiling source file 'dllmain.cpp')
  
D:\Dev\RE\unrealengine-kiocode-base\unrealengine-kiocode-base\src\sdk\abyssus\SDK\RGame_structs.hpp(636,2): warning C4369: 'SDK::EDamageSource':  enumerator value '131072' cannot be represented as 'unsigned char', value is '131072'
  (compiling source file 'dllmain.cpp')
  
D:\Dev\RE\unrealengine-kiocode-base\unrealengine-kiocode-base\src\sdk\abyssus\SDK\RGame_structs.hpp(637,2): warning C4309: 'initializing': truncation of constant value
  (compiling source file 'dllmain.cpp')
  
D:\Dev\RE\unrealengine-kiocode-base\unrealengine-kiocode-base\src\sdk\abyssus\SDK\RGame_structs.hpp(637,2): warning C4369: 'SDK::EDamageSource':  enumerator value '262144' cannot be represented as 'unsigned char', value is '262144'
  (compiling source file 'dllmain.cpp')
  
D:\Dev\RE\unrealengine-kiocode-base\unrealengine-kiocode-base\src\sdk\abyssus\SDK\RGame_structs.hpp(638,2): warning C4309: 'initializing': truncation of constant value
  (compiling source file 'dllmain.cpp')
  
D:\Dev\RE\unrealengine-kiocode-base\unrealengine-kiocode-base\src\sdk\abyssus\SDK\RGame_structs.hpp(638,2): warning C4369: 'SDK::EDamageSource':  enumerator value '524288' cannot be represented as 'unsigned char', value is '524288'
  (compiling source file 'dllmain.cpp')
  
D:\Dev\RE\unrealengine-kiocode-base\unrealengine-kiocode-base\src\sdk\abyssus\SDK\RGame_structs.hpp(639,2): warning C4309: 'initializing': truncation of constant value
  (compiling source file 'dllmain.cpp')
  
D:\Dev\RE\unrealengine-kiocode-base\unrealengine-kiocode-base\src\sdk\abyssus\SDK\RGame_structs.hpp(639,2): warning C4369: 'SDK::EDamageSource':  enumerator value '1048576' cannot be represented as 'unsigned char', value is '1048576'
  (compiling source file 'dllmain.cpp')
  
D:\Dev\RE\unrealengine-kiocode-base\unrealengine-kiocode-base\src\sdk\abyssus\SDK\RGame_structs.hpp(640,2): warning C4309: 'initializing': truncation of constant value
  (compiling source file 'dllmain.cpp')
  
D:\Dev\RE\unrealengine-kiocode-base\unrealengine-kiocode-base\src\sdk\abyssus\SDK\RGame_structs.hpp(640,2): warning C4369: 'SDK::EDamageSource':  enumerator value '2097152' cannot be represented as 'unsigned char', value is '2097152'
  (compiling source file 'dllmain.cpp')
  
D:\Dev\RE\unrealengine-kiocode-base\unrealengine-kiocode-base\src\sdk\abyssus\SDK\RGame_structs.hpp(641,2): warning C4309: 'initializing': truncation of constant value
  (compiling source file 'dllmain.cpp')
  
D:\Dev\RE\unrealengine-kiocode-base\unrealengine-kiocode-base\src\sdk\abyssus\SDK\RGame_structs.hpp(641,2): warning C4369: 'SDK::EDamageSource':  enumerator value '4194304' cannot be represented as 'unsigned char', value is '4194304'
  (compiling source file 'dllmain.cpp')
  
D:\Dev\RE\unrealengine-kiocode-base\unrealengine-kiocode-base\src\sdk\abyssus\SDK\RGame_structs.hpp(642,2): warning C4309: 'initializing': truncation of constant value
  (compiling source file 'dllmain.cpp')
  
D:\Dev\RE\unrealengine-kiocode-base\unrealengine-kiocode-base\src\sdk\abyssus\SDK\RGame_structs.hpp(642,2): warning C4369: 'SDK::EDamageSource':  enumerator value '8388608' cannot be represented as 'unsigned char', value is '8388608'
  (compiling source file 'dllmain.cpp')
  
D:\Dev\RE\unrealengine-kiocode-base\unrealengine-kiocode-base\src\sdk\abyssus\SDK\RGame_structs.hpp(643,2): warning C4309: 'initializing': truncation of constant value
  (compiling source file 'dllmain.cpp')
  
D:\Dev\RE\unrealengine-kiocode-base\unrealengine-kiocode-base\src\sdk\abyssus\SDK\RGame_structs.hpp(643,2): warning C4369: 'SDK::EDamageSource':  enumerator value '16777216' cannot be represented as 'unsigned char', value is '16777216'
  (compiling source file 'dllmain.cpp')
  
D:\Dev\RE\unrealengine-kiocode-base\unrealengine-kiocode-base\src\sdk\abyssus\SDK\RGame_structs.hpp(644,2): warning C4309: 'initializing': truncation of constant value
  (compiling source file 'dllmain.cpp')
  
D:\Dev\RE\unrealengine-kiocode-base\unrealengine-kiocode-base\src\sdk\abyssus\SDK\RGame_structs.hpp(644,2): warning C4369: 'SDK::EDamageSource':  enumerator value '33554432' cannot be represented as 'unsigned char', value is '33554432'
  (compiling source file 'dllmain.cpp')
  
D:\Dev\RE\unrealengine-kiocode-base\unrealengine-kiocode-base\src\sdk\abyssus\SDK\RGame_structs.hpp(645,2): warning C4309: 'initializing': truncation of constant value
  (compiling source file 'dllmain.cpp')
  
D:\Dev\RE\unrealengine-kiocode-base\unrealengine-kiocode-base\src\sdk\abyssus\SDK\RGame_structs.hpp(645,2): warning C4369: 'SDK::EDamageSource':  enumerator value '1073741824' cannot be represented as 'unsigned char', value is '1073741824'
  (compiling source file 'dllmain.cpp')
  
D:\Dev\RE\unrealengine-kiocode-base\unrealengine-kiocode-base\src\sdk\abyssus\SDK\RGame_structs.hpp(646,2): warning C4309: 'initializing': truncation of constant value
  (compiling source file 'dllmain.cpp')
  
D:\Dev\RE\unrealengine-kiocode-base\unrealengine-kiocode-base\src\sdk\abyssus\SDK\RGame_structs.hpp(646,2): warning C4369: 'SDK::EDamageSource':  enumerator value '1073741825' cannot be represented as 'unsigned char', value is '1073741825'
  (compiling source file 'dllmain.cpp')
  
D:\Dev\RE\unrealengine-kiocode-base\unrealengine-kiocode-base\src\sdk\abyssus\SDK\Niagara_structs.hpp(850,2): warning C4309: 'initializing': truncation of constant value
  (compiling source file 'dllmain.cpp')
  
D:\Dev\RE\unrealengine-kiocode-base\unrealengine-kiocode-base\src\sdk\abyssus\SDK\Niagara_structs.hpp(850,2): warning C4369: 'SDK::ENDISkeletalMesh_SkinningMode':  enumerator value '256' cannot be represented as 'unsigned char', value is '256'
  (compiling source file 'dllmain.cpp')
  
D:\Dev\RE\unrealengine-kiocode-base\unrealengine-kiocode-base\src\sdk\abyssus\SDK\ControlRig_structs.hpp(43,2): warning C4309: 'initializing': truncation of constant value
  (compiling source file 'dllmain.cpp')
  
D:\Dev\RE\unrealengine-kiocode-base\unrealengine-kiocode-base\src\sdk\abyssus\SDK\ControlRig_structs.hpp(43,2): warning C4369: 'SDK::ERigElementType':  enumerator value '256' cannot be represented as 'unsigned char', value is '256'
  (compiling source file 'dllmain.cpp')
  
D:\Dev\RE\unrealengine-kiocode-base\unrealengine-kiocode-base\src\sdk\abyssus\SDK\HeadMountedDisplay_structs.hpp(102,2): warning C4309: 'initializing': truncation of constant value
  (compiling source file 'dllmain.cpp')
  
D:\Dev\RE\unrealengine-kiocode-base\unrealengine-kiocode-base\src\sdk\abyssus\SDK\HeadMountedDisplay_structs.hpp(102,2): warning C4369: 'SDK::EXRTrackedDeviceType':  enumerator value '256' cannot be represented as 'unsigned char', value is '256'
  (compiling source file 'dllmain.cpp')
  
D:\Dev\RE\unrealengine-kiocode-base\unrealengine-kiocode-base\src\sdk\abyssus\SDK\ComputeFramework_structs.hpp(36,2): warning C4309: 'initializing': truncation of constant value
  (compiling source file 'dllmain.cpp')
  
D:\Dev\RE\unrealengine-kiocode-base\unrealengine-kiocode-base\src\sdk\abyssus\SDK\ComputeFramework_structs.hpp(36,2): warning C4369: 'SDK::EShaderFundamentalType':  enumerator value '256' cannot be represented as 'unsigned char', value is '256'
  (compiling source file 'dllmain.cpp')
  
D:\Dev\RE\unrealengine-kiocode-base\unrealengine-kiocode-base\src\sdk\abyssus\SDK\PCG_structs.hpp(402,2): warning C4309: 'initializing': truncation of constant value
  (compiling source file 'dllmain.cpp')
  
D:\Dev\RE\unrealengine-kiocode-base\unrealengine-kiocode-base\src\sdk\abyssus\SDK\PCG_structs.hpp(402,2): warning C4369: 'SDK::EPCGKernelAttributeType':  enumerator value '256' cannot be represented as 'unsigned char', value is '256'
  (compiling source file 'dllmain.cpp')
  
D:\Dev\RE\unrealengine-kiocode-base\unrealengine-kiocode-base\src\sdk\abyssus\SDK\PCG_structs.hpp(464,2): warning C4309: 'initializing': truncation of constant value
  (compiling source file 'dllmain.cpp')
  
D:\Dev\RE\unrealengine-kiocode-base\unrealengine-kiocode-base\src\sdk\abyssus\SDK\PCG_structs.hpp(464,2): warning C4369: 'SDK::EPCGMetadataTypes':  enumerator value '256' cannot be represented as 'unsigned char', value is '256'
  (compiling source file 'dllmain.cpp')
  
D:\Dev\RE\unrealengine-kiocode-base\unrealengine-kiocode-base\src\sdk\abyssus\SDK\GeometryFramework_structs.hpp(25,2): warning C4309: 'initializing': truncation of constant value
  (compiling source file 'dllmain.cpp')
  
D:\Dev\RE\unrealengine-kiocode-base\unrealengine-kiocode-base\src\sdk\abyssus\SDK\GeometryFramework_structs.hpp(25,2): warning C4369: 'SDK::EDynamicMeshComponentTangentsMode':  enumerator value '256' cannot be represented as 'unsigned char', value is '256'
  (compiling source file 'dllmain.cpp')
  
D:\Dev\RE\unrealengine-kiocode-base\unrealengine-kiocode-base\src\sdk\abyssus\SDK\InterchangeNodes_structs.hpp(338,2): warning C4309: 'initializing': truncation of constant value
  (compiling source file 'dllmain.cpp')
  
D:\Dev\RE\unrealengine-kiocode-base\unrealengine-kiocode-base\src\sdk\abyssus\SDK\InterchangeNodes_structs.hpp(338,2): warning C4369: 'SDK::EInterchangePropertyTracks':  enumerator value '-1' cannot be represented as 'unsigned int', value is '-1'
  (compiling source file 'dllmain.cpp')
  
D:\Dev\RE\unrealengine-kiocode-base\unrealengine-kiocode-base\src\sdk\abyssus\SDK\InterchangeNodes_structs.hpp(397,2): warning C4309: 'initializing': truncation of constant value
  (compiling source file 'dllmain.cpp')
  
D:\Dev\RE\unrealengine-kiocode-base\unrealengine-kiocode-base\src\sdk\abyssus\SDK\InterchangeNodes_structs.hpp(397,2): warning C4369: 'SDK::EInterchangeMeshCollision':  enumerator value '256' cannot be represented as 'unsigned char', value is '256'
  (compiling source file 'dllmain.cpp')
  
D:\Dev\RE\unrealengine-kiocode-base\unrealengine-kiocode-base\src\gui\core\gui.h(21,31): warning C4244: 'return': conversion from 'LRESULT' to 'HRESULT', possible loss of data
  (compiling source file 'dllmain.cpp')
  
D:\Dev\RE\unrealengine-kiocode-base\unrealengine-kiocode-base\src\config.h(44,21): warning C4091: 'inline static ': ignored on left of 'Config::MenuTab' when no variable is declared
  (compiling source file 'dllmain.cpp')
  
  general.cpp
C:\Program Files (x86)\Microsoft DirectX SDK (June 2010)\Include\dxgitype.h(12,9): warning C4005: 'DXGI_STATUS_OCCLUDED': macro redefinition
  (compiling source file 'src/utils/general.cpp')
      C:\Program Files (x86)\Windows Kits\10\Include\10.0.26100.0\shared\winerror.h(59020,9):
      see previous definition of 'DXGI_STATUS_OCCLUDED'
  
C:\Program Files (x86)\Microsoft DirectX SDK (June 2010)\Include\dxgitype.h(13,9): warning C4005: 'DXGI_STATUS_CLIPPED': macro redefinition
  (compiling source file 'src/utils/general.cpp')
      C:\Program Files (x86)\Windows Kits\10\Include\10.0.26100.0\shared\winerror.h(59029,9):
      see previous definition of 'DXGI_STATUS_CLIPPED'
  
C:\Program Files (x86)\Microsoft DirectX SDK (June 2010)\Include\dxgitype.h(14,9): warning C4005: 'DXGI_STATUS_NO_REDIRECTION': macro redefinition
  (compiling source file 'src/utils/general.cpp')
      C:\Program Files (x86)\Windows Kits\10\Include\10.0.26100.0\shared\winerror.h(59038,9):
      see previous definition of 'DXGI_STATUS_NO_REDIRECTION'
  
C:\Program Files (x86)\Microsoft DirectX SDK (June 2010)\Include\dxgitype.h(15,9): warning C4005: 'DXGI_STATUS_NO_DESKTOP_ACCESS': macro redefinition
  (compiling source file 'src/utils/general.cpp')
      C:\Program Files (x86)\Windows Kits\10\Include\10.0.26100.0\shared\winerror.h(59047,9):
      see previous definition of 'DXGI_STATUS_NO_DESKTOP_ACCESS'
  
C:\Program Files (x86)\Microsoft DirectX SDK (June 2010)\Include\dxgitype.h(16,9): warning C4005: 'DXGI_STATUS_GRAPHICS_VIDPN_SOURCE_IN_USE': macro redefinition
  (compiling source file 'src/utils/general.cpp')
      C:\Program Files (x86)\Windows Kits\10\Include\10.0.26100.0\shared\winerror.h(59056,9):
      see previous definition of 'DXGI_STATUS_GRAPHICS_VIDPN_SOURCE_IN_USE'
  
C:\Program Files (x86)\Microsoft DirectX SDK (June 2010)\Include\dxgitype.h(17,9): warning C4005: 'DXGI_STATUS_MODE_CHANGED': macro redefinition
  (compiling source file 'src/utils/general.cpp')
      C:\Program Files (x86)\Windows Kits\10\Include\10.0.26100.0\shared\winerror.h(59065,9):
      see previous definition of 'DXGI_STATUS_MODE_CHANGED'
  
C:\Program Files (x86)\Microsoft DirectX SDK (June 2010)\Include\dxgitype.h(18,9): warning C4005: 'DXGI_STATUS_MODE_CHANGE_IN_PROGRESS': macro redefinition
  (compiling source file 'src/utils/general.cpp')
      C:\Program Files (x86)\Windows Kits\10\Include\10.0.26100.0\shared\winerror.h(59074,9):
      see previous definition of 'DXGI_STATUS_MODE_CHANGE_IN_PROGRESS'
  
C:\Program Files (x86)\Microsoft DirectX SDK (June 2010)\Include\dxgitype.h(21,9): warning C4005: 'DXGI_ERROR_INVALID_CALL': macro redefinition
  (compiling source file 'src/utils/general.cpp')
      C:\Program Files (x86)\Windows Kits\10\Include\10.0.26100.0\shared\winerror.h(59089,9):
      see previous definition of 'DXGI_ERROR_INVALID_CALL'
  
C:\Program Files (x86)\Microsoft DirectX SDK (June 2010)\Include\dxgitype.h(22,9): warning C4005: 'DXGI_ERROR_NOT_FOUND': macro redefinition
  (compiling source file 'src/utils/general.cpp')
      C:\Program Files (x86)\Windows Kits\10\Include\10.0.26100.0\shared\winerror.h(59098,9):
      see previous definition of 'DXGI_ERROR_NOT_FOUND'
  
C:\Program Files (x86)\Microsoft DirectX SDK (June 2010)\Include\dxgitype.h(23,9): warning C4005: 'DXGI_ERROR_MORE_DATA': macro redefinition
  (compiling source file 'src/utils/general.cpp')
      C:\Program Files (x86)\Windows Kits\10\Include\10.0.26100.0\shared\winerror.h(59107,9):
      see previous definition of 'DXGI_ERROR_MORE_DATA'
  
C:\Program Files (x86)\Microsoft DirectX SDK (June 2010)\Include\dxgitype.h(24,9): warning C4005: 'DXGI_ERROR_UNSUPPORTED': macro redefinition
  (compiling source file 'src/utils/general.cpp')
      C:\Program Files (x86)\Windows Kits\10\Include\10.0.26100.0\shared\winerror.h(59116,9):
      see previous definition of 'DXGI_ERROR_UNSUPPORTED'
  
C:\Program Files (x86)\Microsoft DirectX SDK (June 2010)\Include\dxgitype.h(25,9): warning C4005: 'DXGI_ERROR_DEVICE_REMOVED': macro redefinition
  (compiling source file 'src/utils/general.cpp')
      C:\Program Files (x86)\Windows Kits\10\Include\10.0.26100.0\shared\winerror.h(59125,9):
      see previous definition of 'DXGI_ERROR_DEVICE_REMOVED'
  
C:\Program Files (x86)\Microsoft DirectX SDK (June 2010)\Include\dxgitype.h(26,9): warning C4005: 'DXGI_ERROR_DEVICE_HUNG': macro redefinition
  (compiling source file 'src/utils/general.cpp')
      C:\Program Files (x86)\Windows Kits\10\Include\10.0.26100.0\shared\winerror.h(59134,9):
      see previous definition of 'DXGI_ERROR_DEVICE_HUNG'
  
C:\Program Files (x86)\Microsoft DirectX SDK (June 2010)\Include\dxgitype.h(27,9): warning C4005: 'DXGI_ERROR_DEVICE_RESET': macro redefinition
  (compiling source file 'src/utils/general.cpp')
      C:\Program Files (x86)\Windows Kits\10\Include\10.0.26100.0\shared\winerror.h(59144,9):
      see previous definition of 'DXGI_ERROR_DEVICE_RESET'
  
C:\Program Files (x86)\Microsoft DirectX SDK (June 2010)\Include\dxgitype.h(28,9): warning C4005: 'DXGI_ERROR_WAS_STILL_DRAWING': macro redefinition
  (compiling source file 'src/utils/general.cpp')
      C:\Program Files (x86)\Windows Kits\10\Include\10.0.26100.0\shared\winerror.h(59153,9):
      see previous definition of 'DXGI_ERROR_WAS_STILL_DRAWING'
  
C:\Program Files (x86)\Microsoft DirectX SDK (June 2010)\Include\dxgitype.h(29,9): warning C4005: 'DXGI_ERROR_FRAME_STATISTICS_DISJOINT': macro redefinition
  (compiling source file 'src/utils/general.cpp')
      C:\Program Files (x86)\Windows Kits\10\Include\10.0.26100.0\shared\winerror.h(59163,9):
      see previous definition of 'DXGI_ERROR_FRAME_STATISTICS_DISJOINT'
  
C:\Program Files (x86)\Microsoft DirectX SDK (June 2010)\Include\dxgitype.h(30,9): warning C4005: 'DXGI_ERROR_GRAPHICS_VIDPN_SOURCE_IN_USE': macro redefinition
  (compiling source file 'src/utils/general.cpp')
      C:\Program Files (x86)\Windows Kits\10\Include\10.0.26100.0\shared\winerror.h(59172,9):
      see previous definition of 'DXGI_ERROR_GRAPHICS_VIDPN_SOURCE_IN_USE'
  
C:\Program Files (x86)\Microsoft DirectX SDK (June 2010)\Include\dxgitype.h(31,9): warning C4005: 'DXGI_ERROR_DRIVER_INTERNAL_ERROR': macro redefinition
  (compiling source file 'src/utils/general.cpp')
      C:\Program Files (x86)\Windows Kits\10\Include\10.0.26100.0\shared\winerror.h(59182,9):
      see previous definition of 'DXGI_ERROR_DRIVER_INTERNAL_ERROR'
  
C:\Program Files (x86)\Microsoft DirectX SDK (June 2010)\Include\dxgitype.h(32,9): warning C4005: 'DXGI_ERROR_NONEXCLUSIVE': macro redefinition
  (compiling source file 'src/utils/general.cpp')
      C:\Program Files (x86)\Windows Kits\10\Include\10.0.26100.0\shared\winerror.h(59191,9):
      see previous definition of 'DXGI_ERROR_NONEXCLUSIVE'
  
C:\Program Files (x86)\Microsoft DirectX SDK (June 2010)\Include\dxgitype.h(33,9): warning C4005: 'DXGI_ERROR_NOT_CURRENTLY_AVAILABLE': macro redefinition
  (compiling source file 'src/utils/general.cpp')
      C:\Program Files (x86)\Windows Kits\10\Include\10.0.26100.0\shared\winerror.h(59200,9):
      see previous definition of 'DXGI_ERROR_NOT_CURRENTLY_AVAILABLE'
  
C:\Program Files (x86)\Microsoft DirectX SDK (June 2010)\Include\dxgitype.h(34,9): warning C4005: 'DXGI_ERROR_REMOTE_CLIENT_DISCONNECTED': macro redefinition
  (compiling source file 'src/utils/general.cpp')
      C:\Program Files (x86)\Windows Kits\10\Include\10.0.26100.0\shared\winerror.h(59210,9):
      see previous definition of 'DXGI_ERROR_REMOTE_CLIENT_DISCONNECTED'
  
C:\Program Files (x86)\Microsoft DirectX SDK (June 2010)\Include\dxgitype.h(35,9): warning C4005: 'DXGI_ERROR_REMOTE_OUTOFMEMORY': macro redefinition
  (compiling source file 'src/utils/general.cpp')
      C:\Program Files (x86)\Windows Kits\10\Include\10.0.26100.0\shared\winerror.h(59219,9):
      see previous definition of 'DXGI_ERROR_REMOTE_OUTOFMEMORY'
  
C:\Program Files (x86)\Microsoft DirectX SDK (June 2010)\Include\d3d11.h(917,9): warning C4005: 'D3D11_ERROR_TOO_MANY_UNIQUE_STATE_OBJECTS': macro redefinition
  (compiling source file 'src/utils/general.cpp')
      C:\Program Files (x86)\Windows Kits\10\Include\10.0.26100.0\shared\winerror.h(59534,9):
      see previous definition of 'D3D11_ERROR_TOO_MANY_UNIQUE_STATE_OBJECTS'
  
C:\Program Files (x86)\Microsoft DirectX SDK (June 2010)\Include\d3d11.h(918,9): warning C4005: 'D3D11_ERROR_FILE_NOT_FOUND': macro redefinition
  (compiling source file 'src/utils/general.cpp')
      C:\Program Files (x86)\Windows Kits\10\Include\10.0.26100.0\shared\winerror.h(59543,9):
      see previous definition of 'D3D11_ERROR_FILE_NOT_FOUND'
  
C:\Program Files (x86)\Microsoft DirectX SDK (June 2010)\Include\d3d11.h(919,9): warning C4005: 'D3D11_ERROR_TOO_MANY_UNIQUE_VIEW_OBJECTS': macro redefinition
  (compiling source file 'src/utils/general.cpp')
      C:\Program Files (x86)\Windows Kits\10\Include\10.0.26100.0\shared\winerror.h(59553,9):
      see previous definition of 'D3D11_ERROR_TOO_MANY_UNIQUE_VIEW_OBJECTS'
  
C:\Program Files (x86)\Microsoft DirectX SDK (June 2010)\Include\d3d11.h(920,9): warning C4005: 'D3D11_ERROR_DEFERRED_CONTEXT_MAP_WITHOUT_INITIAL_DISCARD': macro redefinition
  (compiling source file 'src/utils/general.cpp')
      C:\Program Files (x86)\Windows Kits\10\Include\10.0.26100.0\shared\winerror.h(59562,9):
      see previous definition of 'D3D11_ERROR_DEFERRED_CONTEXT_MAP_WITHOUT_INITIAL_DISCARD'
  
C:\Program Files (x86)\Microsoft DirectX SDK (June 2010)\Include\d3d10.h(608,9): warning C4005: 'D3D10_ERROR_TOO_MANY_UNIQUE_STATE_OBJECTS': macro redefinition
  (compiling source file 'src/utils/general.cpp')
      C:\Program Files (x86)\Windows Kits\10\Include\10.0.26100.0\shared\winerror.h(59510,9):
      see previous definition of 'D3D10_ERROR_TOO_MANY_UNIQUE_STATE_OBJECTS'
  
C:\Program Files (x86)\Microsoft DirectX SDK (June 2010)\Include\d3d10.h(609,9): warning C4005: 'D3D10_ERROR_FILE_NOT_FOUND': macro redefinition
  (compiling source file 'src/utils/general.cpp')
      C:\Program Files (x86)\Windows Kits\10\Include\10.0.26100.0\shared\winerror.h(59519,9):
      see previous definition of 'D3D10_ERROR_FILE_NOT_FOUND'
  
D:\Dev\RE\unrealengine-kiocode-base\unrealengine-kiocode-base\src\sdk\abyssus\SDK\Basic.hpp(894,2): warning C4369: 'SDK::EObjectFlags':  enumerator value '2147483648' cannot be represented as 'int', value is '2147483648'
  (compiling source file 'src/utils/general.cpp')
  
D:\Dev\RE\unrealengine-kiocode-base\unrealengine-kiocode-base\src\sdk\abyssus\SDK\Engine_structs.hpp(3931,2): warning C4309: 'initializing': truncation of constant value
  (compiling source file 'src/utils/general.cpp')
  
D:\Dev\RE\unrealengine-kiocode-base\unrealengine-kiocode-base\src\sdk\abyssus\SDK\Engine_structs.hpp(3931,2): warning C4369: 'SDK::ESoundWaveLoadingBehavior':  enumerator value '256' cannot be represented as 'unsigned char', value is '256'
  (compiling source file 'src/utils/general.cpp')
  
D:\Dev\RE\unrealengine-kiocode-base\unrealengine-kiocode-base\src\sdk\abyssus\SDK\Engine_structs.hpp(6258,2): warning C4309: 'initializing': truncation of constant value
  (compiling source file 'src/utils/general.cpp')
  
D:\Dev\RE\unrealengine-kiocode-base\unrealengine-kiocode-base\src\sdk\abyssus\SDK\Engine_structs.hpp(6258,2): warning C4369: 'SDK::ESkinCacheUsage':  enumerator value '256' cannot be represented as 'unsigned char', value is '256'
  (compiling source file 'src/utils/general.cpp')
  
D:\Dev\RE\unrealengine-kiocode-base\unrealengine-kiocode-base\src\sdk\abyssus\SDK\Engine_structs.hpp(6504,2): warning C4309: 'initializing': truncation of constant value
  (compiling source file 'src/utils/general.cpp')
  
D:\Dev\RE\unrealengine-kiocode-base\unrealengine-kiocode-base\src\sdk\abyssus\SDK\Engine_structs.hpp(6504,2): warning C4369: 'SDK::ETextureEncodeSpeedOverride':  enumerator value '256' cannot be represented as 'unsigned char', value is '256'
  (compiling source file 'src/utils/general.cpp')
  
D:\Dev\RE\unrealengine-kiocode-base\unrealengine-kiocode-base\src\sdk\abyssus\SDK\Engine_structs.hpp(6749,2): warning C4309: 'initializing': truncation of constant value
  (compiling source file 'src/utils/general.cpp')
  
D:\Dev\RE\unrealengine-kiocode-base\unrealengine-kiocode-base\src\sdk\abyssus\SDK\Engine_structs.hpp(6749,2): warning C4369: 'SDK::EStreamingSourcePriority':  enumerator value '256' cannot be represented as 'unsigned char', value is '256'
  (compiling source file 'src/utils/general.cpp')
  
D:\Dev\RE\unrealengine-kiocode-base\unrealengine-kiocode-base\src\sdk\abyssus\SDK\RGame_structs.hpp(627,2): warning C4309: 'initializing': truncation of constant value
  (compiling source file 'src/utils/general.cpp')
  
D:\Dev\RE\unrealengine-kiocode-base\unrealengine-kiocode-base\src\sdk\abyssus\SDK\RGame_structs.hpp(627,2): warning C4369: 'SDK::EDamageSource':  enumerator value '256' cannot be represented as 'unsigned char', value is '256'
  (compiling source file 'src/utils/general.cpp')
  
D:\Dev\RE\unrealengine-kiocode-base\unrealengine-kiocode-base\src\sdk\abyssus\SDK\RGame_structs.hpp(628,2): warning C4309: 'initializing': truncation of constant value
  (compiling source file 'src/utils/general.cpp')
  
D:\Dev\RE\unrealengine-kiocode-base\unrealengine-kiocode-base\src\sdk\abyssus\SDK\RGame_structs.hpp(628,2): warning C4369: 'SDK::EDamageSource':  enumerator value '512' cannot be represented as 'unsigned char', value is '512'
  (compiling source file 'src/utils/general.cpp')
  
D:\Dev\RE\unrealengine-kiocode-base\unrealengine-kiocode-base\src\sdk\abyssus\SDK\RGame_structs.hpp(629,2): warning C4309: 'initializing': truncation of constant value
  (compiling source file 'src/utils/general.cpp')
  
D:\Dev\RE\unrealengine-kiocode-base\unrealengine-kiocode-base\src\sdk\abyssus\SDK\RGame_structs.hpp(629,2): warning C4369: 'SDK::EDamageSource':  enumerator value '1024' cannot be represented as 'unsigned char', value is '1024'
  (compiling source file 'src/utils/general.cpp')
  
D:\Dev\RE\unrealengine-kiocode-base\unrealengine-kiocode-base\src\sdk\abyssus\SDK\RGame_structs.hpp(630,2): warning C4309: 'initializing': truncation of constant value
  (compiling source file 'src/utils/general.cpp')
  
D:\Dev\RE\unrealengine-kiocode-base\unrealengine-kiocode-base\src\sdk\abyssus\SDK\RGame_structs.hpp(630,2): warning C4369: 'SDK::EDamageSource':  enumerator value '2048' cannot be represented as 'unsigned char', value is '2048'
  (compiling source file 'src/utils/general.cpp')
  
D:\Dev\RE\unrealengine-kiocode-base\unrealengine-kiocode-base\src\sdk\abyssus\SDK\RGame_structs.hpp(631,2): warning C4309: 'initializing': truncation of constant value
  (compiling source file 'src/utils/general.cpp')
  
D:\Dev\RE\unrealengine-kiocode-base\unrealengine-kiocode-base\src\sdk\abyssus\SDK\RGame_structs.hpp(631,2): warning C4369: 'SDK::EDamageSource':  enumerator value '4096' cannot be represented as 'unsigned char', value is '4096'
  (compiling source file 'src/utils/general.cpp')
  
D:\Dev\RE\unrealengine-kiocode-base\unrealengine-kiocode-base\src\sdk\abyssus\SDK\RGame_structs.hpp(632,2): warning C4309: 'initializing': truncation of constant value
  (compiling source file 'src/utils/general.cpp')
  
D:\Dev\RE\unrealengine-kiocode-base\unrealengine-kiocode-base\src\sdk\abyssus\SDK\RGame_structs.hpp(632,2): warning C4369: 'SDK::EDamageSource':  enumerator value '8192' cannot be represented as 'unsigned char', value is '8192'
  (compiling source file 'src/utils/general.cpp')
  
D:\Dev\RE\unrealengine-kiocode-base\unrealengine-kiocode-base\src\sdk\abyssus\SDK\RGame_structs.hpp(633,2): warning C4309: 'initializing': truncation of constant value
  (compiling source file 'src/utils/general.cpp')
  
D:\Dev\RE\unrealengine-kiocode-base\unrealengine-kiocode-base\src\sdk\abyssus\SDK\RGame_structs.hpp(633,2): warning C4369: 'SDK::EDamageSource':  enumerator value '16384' cannot be represented as 'unsigned char', value is '16384'
  (compiling source file 'src/utils/general.cpp')
  
D:\Dev\RE\unrealengine-kiocode-base\unrealengine-kiocode-base\src\sdk\abyssus\SDK\RGame_structs.hpp(634,2): warning C4309: 'initializing': truncation of constant value
  (compiling source file 'src/utils/general.cpp')
  
D:\Dev\RE\unrealengine-kiocode-base\unrealengine-kiocode-base\src\sdk\abyssus\SDK\RGame_structs.hpp(634,2): warning C4369: 'SDK::EDamageSource':  enumerator value '32768' cannot be represented as 'unsigned char', value is '32768'
  (compiling source file 'src/utils/general.cpp')
  
D:\Dev\RE\unrealengine-kiocode-base\unrealengine-kiocode-base\src\sdk\abyssus\SDK\RGame_structs.hpp(635,2): warning C4309: 'initializing': truncation of constant value
  (compiling source file 'src/utils/general.cpp')
  
D:\Dev\RE\unrealengine-kiocode-base\unrealengine-kiocode-base\src\sdk\abyssus\SDK\RGame_structs.hpp(635,2): warning C4369: 'SDK::EDamageSource':  enumerator value '65536' cannot be represented as 'unsigned char', value is '65536'
  (compiling source file 'src/utils/general.cpp')
  
D:\Dev\RE\unrealengine-kiocode-base\unrealengine-kiocode-base\src\sdk\abyssus\SDK\RGame_structs.hpp(636,2): warning C4309: 'initializing': truncation of constant value
  (compiling source file 'src/utils/general.cpp')
  
D:\Dev\RE\unrealengine-kiocode-base\unrealengine-kiocode-base\src\sdk\abyssus\SDK\RGame_structs.hpp(636,2): warning C4369: 'SDK::EDamageSource':  enumerator value '131072' cannot be represented as 'unsigned char', value is '131072'
  (compiling source file 'src/utils/general.cpp')
  
D:\Dev\RE\unrealengine-kiocode-base\unrealengine-kiocode-base\src\sdk\abyssus\SDK\RGame_structs.hpp(637,2): warning C4309: 'initializing': truncation of constant value
  (compiling source file 'src/utils/general.cpp')
  
D:\Dev\RE\unrealengine-kiocode-base\unrealengine-kiocode-base\src\sdk\abyssus\SDK\RGame_structs.hpp(637,2): warning C4369: 'SDK::EDamageSource':  enumerator value '262144' cannot be represented as 'unsigned char', value is '262144'
  (compiling source file 'src/utils/general.cpp')
  
D:\Dev\RE\unrealengine-kiocode-base\unrealengine-kiocode-base\src\sdk\abyssus\SDK\RGame_structs.hpp(638,2): warning C4309: 'initializing': truncation of constant value
  (compiling source file 'src/utils/general.cpp')
  
D:\Dev\RE\unrealengine-kiocode-base\unrealengine-kiocode-base\src\sdk\abyssus\SDK\RGame_structs.hpp(638,2): warning C4369: 'SDK::EDamageSource':  enumerator value '524288' cannot be represented as 'unsigned char', value is '524288'
  (compiling source file 'src/utils/general.cpp')
  
D:\Dev\RE\unrealengine-kiocode-base\unrealengine-kiocode-base\src\sdk\abyssus\SDK\RGame_structs.hpp(639,2): warning C4309: 'initializing': truncation of constant value
  (compiling source file 'src/utils/general.cpp')
  
D:\Dev\RE\unrealengine-kiocode-base\unrealengine-kiocode-base\src\sdk\abyssus\SDK\RGame_structs.hpp(639,2): warning C4369: 'SDK::EDamageSource':  enumerator value '1048576' cannot be represented as 'unsigned char', value is '1048576'
  (compiling source file 'src/utils/general.cpp')
  
D:\Dev\RE\unrealengine-kiocode-base\unrealengine-kiocode-base\src\sdk\abyssus\SDK\RGame_structs.hpp(640,2): warning C4309: 'initializing': truncation of constant value
  (compiling source file 'src/utils/general.cpp')
  
D:\Dev\RE\unrealengine-kiocode-base\unrealengine-kiocode-base\src\sdk\abyssus\SDK\RGame_structs.hpp(640,2): warning C4369: 'SDK::EDamageSource':  enumerator value '2097152' cannot be represented as 'unsigned char', value is '2097152'
  (compiling source file 'src/utils/general.cpp')
  
D:\Dev\RE\unrealengine-kiocode-base\unrealengine-kiocode-base\src\sdk\abyssus\SDK\RGame_structs.hpp(641,2): warning C4309: 'initializing': truncation of constant value
  (compiling source file 'src/utils/general.cpp')
  
D:\Dev\RE\unrealengine-kiocode-base\unrealengine-kiocode-base\src\sdk\abyssus\SDK\RGame_structs.hpp(641,2): warning C4369: 'SDK::EDamageSource':  enumerator value '4194304' cannot be represented as 'unsigned char', value is '4194304'
  (compiling source file 'src/utils/general.cpp')
  
D:\Dev\RE\unrealengine-kiocode-base\unrealengine-kiocode-base\src\sdk\abyssus\SDK\RGame_structs.hpp(642,2): warning C4309: 'initializing': truncation of constant value
  (compiling source file 'src/utils/general.cpp')
  
D:\Dev\RE\unrealengine-kiocode-base\unrealengine-kiocode-base\src\sdk\abyssus\SDK\RGame_structs.hpp(642,2): warning C4369: 'SDK::EDamageSource':  enumerator value '8388608' cannot be represented as 'unsigned char', value is '8388608'
  (compiling source file 'src/utils/general.cpp')
  
D:\Dev\RE\unrealengine-kiocode-base\unrealengine-kiocode-base\src\sdk\abyssus\SDK\RGame_structs.hpp(643,2): warning C4309: 'initializing': truncation of constant value
  (compiling source file 'src/utils/general.cpp')
  
D:\Dev\RE\unrealengine-kiocode-base\unrealengine-kiocode-base\src\sdk\abyssus\SDK\RGame_structs.hpp(643,2): warning C4369: 'SDK::EDamageSource':  enumerator value '16777216' cannot be represented as 'unsigned char', value is '16777216'
  (compiling source file 'src/utils/general.cpp')
  
D:\Dev\RE\unrealengine-kiocode-base\unrealengine-kiocode-base\src\sdk\abyssus\SDK\RGame_structs.hpp(644,2): warning C4309: 'initializing': truncation of constant value
  (compiling source file 'src/utils/general.cpp')
  
D:\Dev\RE\unrealengine-kiocode-base\unrealengine-kiocode-base\src\sdk\abyssus\SDK\RGame_structs.hpp(644,2): warning C4369: 'SDK::EDamageSource':  enumerator value '33554432' cannot be represented as 'unsigned char', value is '33554432'
  (compiling source file 'src/utils/general.cpp')
  
D:\Dev\RE\unrealengine-kiocode-base\unrealengine-kiocode-base\src\sdk\abyssus\SDK\RGame_structs.hpp(645,2): warning C4309: 'initializing': truncation of constant value
  (compiling source file 'src/utils/general.cpp')
  
D:\Dev\RE\unrealengine-kiocode-base\unrealengine-kiocode-base\src\sdk\abyssus\SDK\RGame_structs.hpp(645,2): warning C4369: 'SDK::EDamageSource':  enumerator value '1073741824' cannot be represented as 'unsigned char', value is '1073741824'
  (compiling source file 'src/utils/general.cpp')
  
D:\Dev\RE\unrealengine-kiocode-base\unrealengine-kiocode-base\src\sdk\abyssus\SDK\RGame_structs.hpp(646,2): warning C4309: 'initializing': truncation of constant value
  (compiling source file 'src/utils/general.cpp')
  
D:\Dev\RE\unrealengine-kiocode-base\unrealengine-kiocode-base\src\sdk\abyssus\SDK\RGame_structs.hpp(646,2): warning C4369: 'SDK::EDamageSource':  enumerator value '1073741825' cannot be represented as 'unsigned char', value is '1073741825'
  (compiling source file 'src/utils/general.cpp')
  
D:\Dev\RE\unrealengine-kiocode-base\unrealengine-kiocode-base\src\sdk\abyssus\SDK\Niagara_structs.hpp(850,2): warning C4309: 'initializing': truncation of constant value
  (compiling source file 'src/utils/general.cpp')
  
D:\Dev\RE\unrealengine-kiocode-base\unrealengine-kiocode-base\src\sdk\abyssus\SDK\Niagara_structs.hpp(850,2): warning C4369: 'SDK::ENDISkeletalMesh_SkinningMode':  enumerator value '256' cannot be represented as 'unsigned char', value is '256'
  (compiling source file 'src/utils/general.cpp')
  
D:\Dev\RE\unrealengine-kiocode-base\unrealengine-kiocode-base\src\sdk\abyssus\SDK\ControlRig_structs.hpp(43,2): warning C4309: 'initializing': truncation of constant value
  (compiling source file 'src/utils/general.cpp')
  
D:\Dev\RE\unrealengine-kiocode-base\unrealengine-kiocode-base\src\sdk\abyssus\SDK\ControlRig_structs.hpp(43,2): warning C4369: 'SDK::ERigElementType':  enumerator value '256' cannot be represented as 'unsigned char', value is '256'
  (compiling source file 'src/utils/general.cpp')
  
D:\Dev\RE\unrealengine-kiocode-base\unrealengine-kiocode-base\src\sdk\abyssus\SDK\HeadMountedDisplay_structs.hpp(102,2): warning C4309: 'initializing': truncation of constant value
  (compiling source file 'src/utils/general.cpp')
  
D:\Dev\RE\unrealengine-kiocode-base\unrealengine-kiocode-base\src\sdk\abyssus\SDK\HeadMountedDisplay_structs.hpp(102,2): warning C4369: 'SDK::EXRTrackedDeviceType':  enumerator value '256' cannot be represented as 'unsigned char', value is '256'
  (compiling source file 'src/utils/general.cpp')
  
D:\Dev\RE\unrealengine-kiocode-base\unrealengine-kiocode-base\src\sdk\abyssus\SDK\ComputeFramework_structs.hpp(36,2): warning C4309: 'initializing': truncation of constant value
  (compiling source file 'src/utils/general.cpp')
  
D:\Dev\RE\unrealengine-kiocode-base\unrealengine-kiocode-base\src\sdk\abyssus\SDK\ComputeFramework_structs.hpp(36,2): warning C4369: 'SDK::EShaderFundamentalType':  enumerator value '256' cannot be represented as 'unsigned char', value is '256'
  (compiling source file 'src/utils/general.cpp')
  
D:\Dev\RE\unrealengine-kiocode-base\unrealengine-kiocode-base\src\sdk\abyssus\SDK\PCG_structs.hpp(402,2): warning C4309: 'initializing': truncation of constant value
  (compiling source file 'src/utils/general.cpp')
  
D:\Dev\RE\unrealengine-kiocode-base\unrealengine-kiocode-base\src\sdk\abyssus\SDK\PCG_structs.hpp(402,2): warning C4369: 'SDK::EPCGKernelAttributeType':  enumerator value '256' cannot be represented as 'unsigned char', value is '256'
  (compiling source file 'src/utils/general.cpp')
  
D:\Dev\RE\unrealengine-kiocode-base\unrealengine-kiocode-base\src\sdk\abyssus\SDK\PCG_structs.hpp(464,2): warning C4309: 'initializing': truncation of constant value
  (compiling source file 'src/utils/general.cpp')
  
D:\Dev\RE\unrealengine-kiocode-base\unrealengine-kiocode-base\src\sdk\abyssus\SDK\PCG_structs.hpp(464,2): warning C4369: 'SDK::EPCGMetadataTypes':  enumerator value '256' cannot be represented as 'unsigned char', value is '256'
  (compiling source file 'src/utils/general.cpp')
  
D:\Dev\RE\unrealengine-kiocode-base\unrealengine-kiocode-base\src\sdk\abyssus\SDK\GeometryFramework_structs.hpp(25,2): warning C4309: 'initializing': truncation of constant value
  (compiling source file 'src/utils/general.cpp')
  
D:\Dev\RE\unrealengine-kiocode-base\unrealengine-kiocode-base\src\sdk\abyssus\SDK\GeometryFramework_structs.hpp(25,2): warning C4369: 'SDK::EDynamicMeshComponentTangentsMode':  enumerator value '256' cannot be represented as 'unsigned char', value is '256'
  (compiling source file 'src/utils/general.cpp')
  
D:\Dev\RE\unrealengine-kiocode-base\unrealengine-kiocode-base\src\sdk\abyssus\SDK\InterchangeNodes_structs.hpp(338,2): warning C4309: 'initializing': truncation of constant value
  (compiling source file 'src/utils/general.cpp')
  
D:\Dev\RE\unrealengine-kiocode-base\unrealengine-kiocode-base\src\sdk\abyssus\SDK\InterchangeNodes_structs.hpp(338,2): warning C4369: 'SDK::EInterchangePropertyTracks':  enumerator value '-1' cannot be represented as 'unsigned int', value is '-1'
  (compiling source file 'src/utils/general.cpp')
  
D:\Dev\RE\unrealengine-kiocode-base\unrealengine-kiocode-base\src\sdk\abyssus\SDK\InterchangeNodes_structs.hpp(397,2): warning C4309: 'initializing': truncation of constant value
  (compiling source file 'src/utils/general.cpp')
  
D:\Dev\RE\unrealengine-kiocode-base\unrealengine-kiocode-base\src\sdk\abyssus\SDK\InterchangeNodes_structs.hpp(397,2): warning C4369: 'SDK::EInterchangeMeshCollision':  enumerator value '256' cannot be represented as 'unsigned char', value is '256'
  (compiling source file 'src/utils/general.cpp')
  
D:\Dev\RE\unrealengine-kiocode-base\unrealengine-kiocode-base\src\config.h(44,21): warning C4091: 'inline static ': ignored on left of 'Config::MenuTab' when no variable is declared
  (compiling source file 'src/utils/general.cpp')
  
  Generating code
  4 of 1857 functions ( 0.2%) were compiled, the rest were copied from previous compilation.
    0 functions were new in current compilation
    21 functions had inline decision re-evaluated but remain unchanged
  Finished generating code
  unrealengine-kiocode-base.vcxproj -> D:\Dev\RE\unrealengine-kiocode-base\x64\Release\unrealengine-kiocode-base.dll
